     1 00000000                                 ; hello-os
     2 00000000                                 ; TAB=4
     3 00000000                                 
     4                                          		ORG		0x7c00			; 指明程序的装载地址
     5 00007C00                                 
     6 00007C00                                 ; 以下的记述用于标准的fat12格式的软盘
     7 00007C00                                 
     8 00007C00 EB 4E                           		JMP		entry
     9 00007C02 90                              		DB		0x90
    10 00007C03 48 45 4C 4C 4F 49 50 4C         		DB		"HELLOIPL"		; 启动区的名称，可以是任意字符串，（8字节
    11 00007C0B 0200                            		DW		512				; 每个扇区sector的长度512
    12 00007C0D 01                              		DB		1				; cluster 簇的大小，必须为一个扇区
    13 00007C0E 0001                            		DW		1				; fat的起始位置，一般从第一个扇区开始
    14 00007C10 02                              		DB		2				; fat的个数，必须为2
    15 00007C11 00E0                            		DW		224				; 根目录的大小一般设置为224项
    16 00007C13 0B40                            		DW		2880			; 该磁盘的大小，必须为2880扇区  2880*512 = 1。44m
    17 00007C15 F0                              		DB		0xf0			; 磁盘的种类（必须为0xf0
    18 00007C16 0009                            		DW		9				; FAT的长度，必须为9扇区
    19 00007C18 0012                            		DW		18				; 一个磁道track 有几个扇区，必须为18
    20 00007C1A 0002                            		DW		2				;  磁头数，必须2
    21 00007C1C 00000000                        		DD		0				; 不使用分区，0
    22 00007C20 00000B40                        		DD		2880			; 重写一次磁盘大小
    23 00007C24 00 00 29                        		DB		0,0,0x29		; 意义不明，固定
    24 00007C27 FFFFFFFF                        		DD		0xffffffff		; 可能是卷标号码
    25 00007C2B 48 45 4C 4C 4F 2D 4F 53 20 20   		DB		"HELLO-OS   "	; 磁盘名字11个字节。
       00007C35 20 
    26 00007C36 46 41 54 31 32 20 20 20         		DB		"FAT12   "		; 磁盘格式化名字 8字节
    27 00007C3E 00 00 00 00 00 00 00 00 00 00   		RESB	18				; 先空出18个字节
       00007C48 00 00 00 00 00 00 00 00 
    28 00007C50                                 
    29 00007C50                                 ; 程序主体
    30 00007C50                                 
    31 00007C50                                 entry:
    32 00007C50 B8 0000                         		MOV		AX,0			; 初始化寄存器
    33 00007C53 8E D0                           		MOV		SS,AX
    34 00007C55 BC 7C00                         		MOV		SP,0x7c00
    35 00007C58 8E D8                           		MOV		DS,AX
    36 00007C5A 8E C0                           		MOV		ES,AX
    37 00007C5C                                 
    38 00007C5C                                 ;载入磁盘
    39 00007C5C                                 
    40 00007C5C B8 0820                         		MOV		AX,0x0820
    41 00007C5F 8E C0                           		MOV		ES,AX
    42 00007C61 B5 00                           		MOV		CH,0			; 柱面0
    43 00007C63 B6 00                           		MOV		DH,0			; 磁头0 
    44 00007C65 B1 02                           		MOV		CL,2			; 扇区2
    45 00007C67                                 
    46 00007C67 B4 02                           		MOV		AH,0x02			; AH=0x02 :读盘
    47 00007C69 B0 01                           		MOV		AL,1			; 1个扇区
    48 00007C6B BB 0000                         		MOV		BX,0
    49 00007C6E B2 00                           		MOV		DL,0x00			; A驱动器
    50 00007C70 CD 13                           		INT		0x13			; 调用blos
    51 00007C72 72 15                           		JC		error
    52 00007C74                                 		
    53 00007C74                                 putloop:
    54 00007C74 8A 04                           		MOV		AL,[SI]
    55 00007C76 83 C6 01                        		ADD		SI,1			; SI加1
    56 00007C79 3C 00                           		CMP		AL,0
    57 00007C7B 74 09                           		JE		fin
    58 00007C7D B4 0E                           		MOV		AH,0x0e			; 显示一个文字
    59 00007C7F BB 000F                         		MOV		BX,15			; 指定字符颜色
    60 00007C82 CD 10                           		INT		0x10			; 调用显卡bios
    61 00007C84 EB EE                           		JMP		putloop
    62 00007C86                                 fin:
    63 00007C86 F4                              		HLT						; 让cpu停止，等待指令
    64 00007C87 EB FD                           		JMP		fin				; 无限循环
    65 00007C89                                 
    66 00007C89                                 error:	
    67 00007C89 BE 7C8C                         		MOV 	SI,msg
    68 00007C8C                                 msg:
    69 00007C8C 0A 0A                           		DB		0x0a, 0x0a		; 换行2次
    70 00007C8E 68 65 6C 6C 6F 2C 20 77 6F 72   		DB		"hello, world"
       00007C98 6C 64 
    71 00007C9A 0A                              		DB		0x0a			; 改行
    72 00007C9B 00                              		DB		0
    73 00007C9C                                 
    74 00007C9C 00 00 00 00 00 00 00 00 00 00   		RESB	0x7dfe-$		; 填写0x00直到0x7def
       00007CA6 00 00 00 00 00 00 00 00 00 00 
       00007CB0 00 00 00 00 00 00 00 00 00 00 
       00007CBA 00 00 00 00 00 00 00 00 00 00 
       00007CC4 00 00 00 00 00 00 00 00 00 00 
       00007CCE 00 00 00 00 00 00 00 00 00 00 
       00007CD8 00 00 00 00 00 00 00 00 00 00 
       00007CE2 00 00 00 00 00 00 00 00 00 00 
       00007CEC 00 00 00 00 00 00 00 00 00 00 
       00007CF6 00 00 00 00 00 00 00 00 00 00 
       00007D00 00 00 00 00 00 00 00 00 00 00 
       00007D0A 00 00 00 00 00 00 00 00 00 00 
       00007D14 00 00 00 00 00 00 00 00 00 00 
       00007D1E 00 00 00 00 00 00 00 00 00 00 
       00007D28 00 00 00 00 00 00 00 00 00 00 
       00007D32 00 00 00 00 00 00 00 00 00 00 
       00007D3C 00 00 00 00 00 00 00 00 00 00 
       00007D46 00 00 00 00 00 00 00 00 00 00 
       00007D50 00 00 00 00 00 00 00 00 00 00 
       00007D5A 00 00 00 00 00 00 00 00 00 00 
       00007D64 00 00 00 00 00 00 00 00 00 00 
       00007D6E 00 00 00 00 00 00 00 00 00 00 
       00007D78 00 00 00 00 00 00 00 00 00 00 
       00007D82 00 00 00 00 00 00 00 00 00 00 
       00007D8C 00 00 00 00 00 00 00 00 00 00 
       00007D96 00 00 00 00 00 00 00 00 00 00 
       00007DA0 00 00 00 00 00 00 00 00 00 00 
       00007DAA 00 00 00 00 00 00 00 00 00 00 
       00007DB4 00 00 00 00 00 00 00 00 00 00 
       00007DBE 00 00 00 00 00 00 00 00 00 00 
       00007DC8 00 00 00 00 00 00 00 00 00 00 
       00007DD2 00 00 00 00 00 00 00 00 00 00 
       00007DDC 00 00 00 00 00 00 00 00 00 00 
       00007DE6 00 00 00 00 00 00 00 00 00 00 
       00007DF0 00 00 00 00 00 00 00 00 00 00 
       00007DFA 00 00 00 00 
    75 00007DFE                                 
    76 00007DFE 55 AA                           		DB		0x55, 0xaa      ; 软盘的第一个分区是启动区，最后两字节必须是0x55 aa，如果没有就认识不是启动区。可能是第一个设计者随便写的吧。。。
    77 00007E00                                 
