     1 00000000                                 ; hello-os
     2 00000000                                 ; TAB=4
     3 00000000                                 
     4                                          		ORG		0x7c00			; 指明程序的装载地址
     5 00007C00                                 		
     6  = 0000000A                              CYLS	EQU		10     			;常量定义cyls=10  equal  cylinders
     7 00007C00                                 
     8 00007C00                                 ; 以下的记述用于标准的fat12格式的软盘
     9 00007C00                                 
    10 00007C00 EB 4E                           		JMP		entry
    11 00007C02 90                              		DB		0x90
    12 00007C03 48 45 4C 4C 4F 49 50 4C         		DB		"HELLOIPL"		; 启动区的名称，可以是任意字符串，（8字节
    13 00007C0B 0200                            		DW		512				; 每个扇区sector的长度512
    14 00007C0D 01                              		DB		1				; cluster 簇的大小，必须为一个扇区
    15 00007C0E 0001                            		DW		1				; fat的起始位置，一般从第一个扇区开始
    16 00007C10 02                              		DB		2				; fat的个数，必须为2
    17 00007C11 00E0                            		DW		224				; 根目录的大小一般设置为224项
    18 00007C13 0B40                            		DW		2880			; 该磁盘的大小，必须为2880扇区  2880*512 = 1。44m
    19 00007C15 F0                              		DB		0xf0			; 磁盘的种类（必须为0xf0
    20 00007C16 0009                            		DW		9				; FAT的长度，必须为9扇区
    21 00007C18 0012                            		DW		18				; 一个磁道track 有几个扇区，必须为18
    22 00007C1A 0002                            		DW		2				;  磁头数，必须2
    23 00007C1C 00000000                        		DD		0				; 不使用分区，0
    24 00007C20 00000B40                        		DD		2880			; 重写一次磁盘大小
    25 00007C24 00 00 29                        		DB		0,0,0x29		; 意义不明，固定
    26 00007C27 FFFFFFFF                        		DD		0xffffffff		; 可能是卷标号码
    27 00007C2B 48 45 4C 4C 4F 2D 4F 53 20 20   		DB		"HELLO-OS   "	; 磁盘名字11个字节。
       00007C35 20 
    28 00007C36 46 41 54 31 32 20 20 20         		DB		"FAT12   "		; 磁盘格式化名字 8字节
    29 00007C3E 00 00 00 00 00 00 00 00 00 00   		RESB	18				; 先空出18个字节
       00007C48 00 00 00 00 00 00 00 00 
    30 00007C50                                 
    31 00007C50                                 ; 程序主体
    32 00007C50                                 
    33 00007C50                                 entry:
    34 00007C50 B8 0000                         		MOV		AX,0			; 初始化寄存器
    35 00007C53 8E D0                           		MOV		SS,AX
    36 00007C55 BC 7C00                         		MOV		SP,0x7c00
    37 00007C58 8E D8                           		MOV		DS,AX
    38 00007C5A 8E C0                           		MOV		ES,AX
    39 00007C5C                                 
    40 00007C5C                                 ;载入磁盘
    41 00007C5C                                 
    42 00007C5C B8 0820                         		MOV		AX,0x0820
    43 00007C5F 8E C0                           		MOV		ES,AX
    44 00007C61 B5 00                           		MOV		CH,0			; 柱面0
    45 00007C63 B6 00                           		MOV		DH,0			; 磁头0 
    46 00007C65 B1 02                           		MOV		CL,2			; 扇区2
    47 00007C67                                 
    48 00007C67                                 readloop:
    49 00007C67 BE 0000                         		MOV		SI,0			; 失败次数的寄存器
    50 00007C6A                                 retry:
    51 00007C6A B4 02                           		MOV		AH,0x02			; AH=0x02 :读入磁盘    //读入一个扇区
    52 00007C6C B0 01                           		MOV		AL,1			; 1个扇区
    53 00007C6E BB 0000                         		MOV		BX,0
    54 00007C71 B2 00                           		MOV		DL,0x00			; A驱动器
    55 00007C73 CD 13                           		INT		0x13			; 调用blos
    56 00007C75 73 0E                           		JNC		next			; 没有出错转到next    // jump if not carry 
    57 00007C77 83 C6 01                        		ADD		SI,1			; si+1                 错了，就纪录错误次数，重复5次。
    58 00007C7A 83 FE 05                        		CMP		SI,5			; SI和5比较           
    59 00007C7D 73 2C                           		JAE		error			; SI >= 5 转到error    jump if above or equal //超过5次就转到error
    60 00007C7F B4 00                           		MOV		AH,0x00
    61 00007C81 B2 00                           		MOV		DL,0x00			; A驱动器
    62 00007C83 CD 13                           		INT		0x13			; 重置驱动器
    63 00007C85                                 		JMP		retry           ；  jump if 
      >> [ERROR #002] parameter error.
    64 00007C85                                 next:
    65 00007C85 8C C0                           		MOV		AX,ES			; 把内存地址后移0x200     //移动内存位置
    66 00007C87 05 0020                         		ADD		AX,0x0020
    67 00007C8A 8E C0                           		MOV		ES,AX			; 没有ADD ES,0x020 ，所以需要转一下
    68 00007C8C 80 C1 01                        		ADD		CL,1			; 加1                     //移动扇区
    69 00007C8F 80 F9 12                        		CMP		CL,18			; cl和18比较              //重复18次
    70 00007C92 76 D3                           		JBE		readloop		; CL <= 18 转到readloop   jump if below or equal
    71 00007C94 B1 01                           		MOV		CL,1            ; 重置1扇区
    72 00007C96 80 C6 01                        		ADD		DH,1			; 转动磁头
    73 00007C99 80 FE 02                        		CMP		DH,2			; 
    74 00007C9C 72 C9                           		JB		readloop		; DH < 2 jump if below readloop
    75 00007C9E B6 00                           		MOV		DH,0
    76 00007CA0 80 C5 01                        		ADD		CH,1			; 移动柱面
    77 00007CA3 80 FD 0A                        		CMP		CH,CYLS         ; 重复10个柱面
    78 00007CA6 72 BF                           		JB		readloop		; CH < CYLS   
    79 00007CA8                                 		
    80 00007CA8                                 ; 10 * 2 * 18 * 512 184320 byte = 180KB 内存  每个扇区512  ，18个扇区  反正两个磁头  10个柱面
    81 00007CA8                                 ; 一个扇区有80个柱面。或者说一个圆环柱面有18个扇区。
    82 00007CA8                                 ; 一个软盘的容量   80个柱面  2个磁头 反正两面  18个扇区  每个扇区512字节 
    83 00007CA8                                 ;  80 * 2 * 18 * 512   = 1474560byte = 1440KB   
    84 00007CA8                                 ; 一般都是  柱面 磁头 扇区定位一个地址  c0-h0-s1， 下一个扇区c0-h0-s2.为什么中间是磁头.因为快，好定位。看组成计算机原理去。
    85 00007CA8                                 ; 跳到haribote.sys的内存地址
    86 00007CA8                                 
    87 00007CA8 E9 4555                         		JMP		0xc200
    88 00007CAB                                 		
    89 00007CAB                                 error:	
    90 00007CAB BE 7CC3                         		MOV 	SI,msg	
    91 00007CAE                                 	
    92 00007CAE                                 putloop:
    93 00007CAE 8A 04                           		MOV		AL,[SI]
    94 00007CB0 83 C6 01                        		ADD		SI,1			; SI加1
    95 00007CB3 3C 00                           		CMP		AL,0
    96 00007CB5 74 09                           		JE		fin
    97 00007CB7 B4 0E                           		MOV		AH,0x0e			; 显示一个文字
    98 00007CB9 BB 000F                         		MOV		BX,15			; 指定字符颜色
    99 00007CBC CD 10                           		INT		0x10			; 调用显卡bios
   100 00007CBE EB EE                           		JMP		putloop
   101 00007CC0                                 fin:
   102 00007CC0 F4                              		HLT						; 让cpu停止，等待指令
   103 00007CC1 EB FD                           		JMP		fin				; 无限循环
   104 00007CC3                                 
   105 00007CC3                                 
   106 00007CC3                                 msg:
   107 00007CC3 0A 0A                           		DB		0x0a, 0x0a		; 换行2次
   108 00007CC5 68 65 6C 6C 6F 2C 20 77 6F 72   		DB		"hello, world"
       00007CCF 6C 64 
   109 00007CD1 0A                              		DB		0x0a			; 改行
   110 00007CD2 00                              		DB		0
   111 00007CD3                                 
   112 00007CD3 00 00 00 00 00 00 00 00 00 00   		RESB	0x7dfe-$		; 填写0x00直到0x7def
       00007CDD 00 00 00 00 00 00 00 00 00 00 
       00007CE7 00 00 00 00 00 00 00 00 00 00 
       00007CF1 00 00 00 00 00 00 00 00 00 00 
       00007CFB 00 00 00 00 00 00 00 00 00 00 
       00007D05 00 00 00 00 00 00 00 00 00 00 
       00007D0F 00 00 00 00 00 00 00 00 00 00 
       00007D19 00 00 00 00 00 00 00 00 00 00 
       00007D23 00 00 00 00 00 00 00 00 00 00 
       00007D2D 00 00 00 00 00 00 00 00 00 00 
       00007D37 00 00 00 00 00 00 00 00 00 00 
       00007D41 00 00 00 00 00 00 00 00 00 00 
       00007D4B 00 00 00 00 00 00 00 00 00 00 
       00007D55 00 00 00 00 00 00 00 00 00 00 
       00007D5F 00 00 00 00 00 00 00 00 00 00 
       00007D69 00 00 00 00 00 00 00 00 00 00 
       00007D73 00 00 00 00 00 00 00 00 00 00 
       00007D7D 00 00 00 00 00 00 00 00 00 00 
       00007D87 00 00 00 00 00 00 00 00 00 00 
       00007D91 00 00 00 00 00 00 00 00 00 00 
       00007D9B 00 00 00 00 00 00 00 00 00 00 
       00007DA5 00 00 00 00 00 00 00 00 00 00 
       00007DAF 00 00 00 00 00 00 00 00 00 00 
       00007DB9 00 00 00 00 00 00 00 00 00 00 
       00007DC3 00 00 00 00 00 00 00 00 00 00 
       00007DCD 00 00 00 00 00 00 00 00 00 00 
       00007DD7 00 00 00 00 00 00 00 00 00 00 
       00007DE1 00 00 00 00 00 00 00 00 00 00 
       00007DEB 00 00 00 00 00 00 00 00 00 00 
       00007DF5 00 00 00 00 00 00 00 00 00 
   113 00007DFE                                 
   114 00007DFE 55 AA                           		DB		0x55, 0xaa      ; 软盘的第一个分区是启动区，最后两字节必须是0x55 aa，如果没有就认识不是启动区。可能是第一个设计者随便写的吧。。。
   115 00007E00                                 
